Test project /workspace/out/build/coverage
    Start 1: utcommon
1/3 Test #1: utcommon .........................   Passed    0.05 sec
    Start 2: utsoa
2/3 Test #2: utsoa ............................   Passed    0.01 sec
    Start 3: utaos
3/3 Test #3: utaos ............................   Passed    0.03 sec

100% tests passed, 0 tests failed out of 3

Total Test time (real) =   0.11 sec
